timestamp: 2024-05-27T12:47:20.032979
CREATE TABLE "py4web_session"(
    "id" INTEGER PRIMARY KEY AUTOINCREMENT,
    "rkey" CHAR(512),
    "rvalue" TEXT,
    "expiration" INTEGER,
    "created_on" TIMESTAMP,
    "expires_on" TIMESTAMP
);
success!
timestamp: 2024-05-27T12:47:20.080736
CREATE TABLE "auth_user"(
    "id" INTEGER PRIMARY KEY AUTOINCREMENT,
    "email" CHAR(512) UNIQUE,
    "password" CHAR(512),
    "first_name" CHAR(512),
    "last_name" CHAR(512),
    "sso_id" CHAR(512),
    "action_token" CHAR(512),
    "last_password_change" TIMESTAMP,
    "past_passwords_hash" TEXT
);
success!
timestamp: 2024-05-27T12:47:20.088328
CREATE TABLE "auth_user_tag_groups"(
    "id" INTEGER PRIMARY KEY AUTOINCREMENT,
    "tagpath" CHAR(512),
    "record_id" INTEGER REFERENCES "auth_user" ("id") ON DELETE CASCADE ON UPDATE CASCADE  
);
success!
timestamp: 2024-05-27T12:47:20.099086
CREATE TABLE "users"(
    "id" INTEGER PRIMARY KEY AUTOINCREMENT,
    "content" TEXT,
    "user_email" CHAR(512),
    "created_on" TIMESTAMP
);
success!
timestamp: 2024-05-27T12:47:20.108526
CREATE TABLE "checklists"(
    "id" INTEGER PRIMARY KEY AUTOINCREMENT,
    "latitude" CHAR(512),
    "longitude" CHAR(512),
    "observation_date" CHAR(512),
    "time_observations_started" CHAR(512),
    "observer_id" CHAR(512),
    "duration_minutes" CHAR(512),
    "sampling_event_identifier" TEXT
);
success!
timestamp: 2024-05-27T12:47:20.117441
CREATE TABLE "species"(
    "id" INTEGER PRIMARY KEY AUTOINCREMENT,
    "common_name" TEXT
);
success!
timestamp: 2024-05-27T12:47:20.127765
CREATE TABLE "sightings"(
    "id" INTEGER PRIMARY KEY AUTOINCREMENT,
    "checklist_id" INTEGER REFERENCES "checklists" ("id") ON DELETE CASCADE ON UPDATE CASCADE  ,
    "observation_count" CHAR(512),
    "species_id" INTEGER REFERENCES "species" ("id") ON DELETE CASCADE ON UPDATE CASCADE  
);
success!
success!
success!
